This file contains any messages produced by compilers while
running configure, to aid debugging if configure makes a mistake.

It was created by configure, which was
generated by GNU Autoconf 2.65.  Invocation command line was

  $ ./configure --with-php-config=/usr/bin/php-config

## --------- ##
## Platform. ##
## --------- ##

hostname = www.nb.com
uname -m = x86_64
uname -r = 12.5.0
uname -s = Darwin
uname -v = Darwin Kernel Version 12.5.0: Mon Jul 29 16:33:49 PDT 2013; root:xnu-2050.48.11~1/RELEASE_X86_64

/usr/bin/uname -p = i386
/bin/uname -X     = unknown

/bin/arch              = unknown
/usr/bin/arch -k       = unknown
/usr/convex/getsysinfo = unknown
/usr/bin/hostinfo      = Mach kernel version:
	 Darwin Kernel Version 12.5.0: Mon Jul 29 16:33:49 PDT 2013; root:xnu-2050.48.11~1/RELEASE_X86_64
Kernel configured for up to 8 processors.
4 processors are physically available.
8 processors are logically available.
Processor type: i486 (Intel 80486)
Processors active: 0 1 2 3 4 5 6 7
Primary memory available: 8.00 gigabytes
Default processor set: 115 tasks, 633 threads, 8 processors
Load average: 1.75, Mach factor: 6.24
/bin/machine           = unknown
/usr/bin/oslevel       = unknown
/bin/universe          = unknown

PATH: /usr/bin
PATH: /bin
PATH: /usr/sbin
PATH: /sbin
PATH: /usr/local/bin


## ----------- ##
## Core tests. ##
## ----------- ##

configure:2267: checking for grep that handles long lines and -e
configure:2325: result: /usr/bin/grep
configure:2330: checking for egrep
configure:2392: result: /usr/bin/grep -E
configure:2397: checking for a sed that does not truncate output
configure:2451: result: /usr/bin/sed
configure:2583: checking for cc
configure:2599: found /usr/bin/cc
configure:2610: result: cc
configure:2641: checking for C compiler version
configure:2650: cc --version >&5
Apple LLVM version 5.1 (clang-503.0.40) (based on LLVM 3.4svn)
Target: x86_64-apple-darwin12.5.0
Thread model: posix
configure:2661: $? = 0
configure:2650: cc -v >&5
Apple LLVM version 5.1 (clang-503.0.40) (based on LLVM 3.4svn)
Target: x86_64-apple-darwin12.5.0
Thread model: posix
configure:2661: $? = 0
configure:2650: cc -V >&5
clang: error: argument to '-V' is missing (expected 1 value)
clang: error: no input files
configure:2661: $? = 1
configure:2650: cc -qversion >&5
clang: error: unknown argument: '-qversion' [-Wunused-command-line-argument-hard-error-in-future]
clang: note: this will be a hard error (cannot be downgraded to a warning) in the future
clang: error: no input files
configure:2661: $? = 1
configure:2681: checking whether the C compiler works
configure:2703: cc    conftest.c  >&5
configure:2707: $? = 0
configure:2756: result: yes
configure:2759: checking for C compiler default output file name
configure:2761: result: a.out
configure:2767: checking for suffix of executables
configure:2774: cc -o conftest    conftest.c  >&5
configure:2778: $? = 0
configure:2800: result: 
configure:2822: checking whether we are cross compiling
configure:2830: cc -o conftest    conftest.c  >&5
configure:2834: $? = 0
configure:2841: ./conftest
configure:2845: $? = 0
configure:2860: result: no
configure:2865: checking for suffix of object files
configure:2887: cc -c   conftest.c >&5
configure:2891: $? = 0
configure:2912: result: o
configure:2916: checking whether we are using the GNU C compiler
configure:2935: cc -c   conftest.c >&5
configure:2935: $? = 0
configure:2944: result: yes
configure:2953: checking whether cc accepts -g
configure:2973: cc -c -g  conftest.c >&5
configure:2973: $? = 0
configure:3014: result: yes
configure:3031: checking for cc option to accept ISO C89
configure:3095: cc  -c -g -O2  conftest.c >&5
configure:3095: $? = 0
configure:3108: result: none needed
configure:3134: checking how to run the C preprocessor
configure:3165: cc -E  conftest.c
configure:3165: $? = 0
configure:3179: cc -E  conftest.c
conftest.c:9:10: fatal error: 'ac_nonexistent.h' file not found
#include <ac_nonexistent.h>
         ^
1 error generated.
configure:3179: $? = 1
configure: failed program was:
| /* confdefs.h */
| #define PACKAGE_NAME ""
| #define PACKAGE_TARNAME ""
| #define PACKAGE_VERSION ""
| #define PACKAGE_STRING ""
| #define PACKAGE_BUGREPORT ""
| #define PACKAGE_URL ""
| /* end confdefs.h.  */
| #include <ac_nonexistent.h>
configure:3204: result: cc -E
configure:3224: cc -E  conftest.c
configure:3224: $? = 0
configure:3238: cc -E  conftest.c
conftest.c:9:10: fatal error: 'ac_nonexistent.h' file not found
#include <ac_nonexistent.h>
         ^
1 error generated.
configure:3238: $? = 1
configure: failed program was:
| /* confdefs.h */
| #define PACKAGE_NAME ""
| #define PACKAGE_TARNAME ""
| #define PACKAGE_VERSION ""
| #define PACKAGE_STRING ""
| #define PACKAGE_BUGREPORT ""
| #define PACKAGE_URL ""
| /* end confdefs.h.  */
| #include <ac_nonexistent.h>
configure:3269: checking for icc
configure:3278: result: no
configure:3292: checking for suncc
configure:3301: result: no
configure:3319: checking whether cc understands -c and -o together
configure:3347: cc -c conftest.c -o conftest2.o >&5
configure:3351: $? = 0
configure:3357: cc -c conftest.c -o conftest2.o >&5
configure:3361: $? = 0
configure:3416: result: yes
configure:3430: checking for system library directory
configure:3445: result: lib
configure:3452: checking if compiler supports -R
configure:3471: cc -o conftest -g -O2   conftest.c -R /usr/lib  >&5
clang: warning: argument unused during compilation: '-R'
ld: can't map file, errno=22 file '/usr/lib' for architecture x86_64
clang: error: linker command failed with exit code 1 (use -v to see invocation)
configure:3471: $? = 1
configure: failed program was:
| /* confdefs.h */
| #define PACKAGE_NAME ""
| #define PACKAGE_TARNAME ""
| #define PACKAGE_VERSION ""
| #define PACKAGE_STRING ""
| #define PACKAGE_BUGREPORT ""
| #define PACKAGE_URL ""
| /* end confdefs.h.  */
| 
| int
| main ()
| {
| 
|   ;
|   return 0;
| }
configure:3481: result: no
configure:3486: checking if compiler supports -Wl,-rpath,
configure:3505: cc -o conftest -g -O2   conftest.c -Wl,-rpath,/usr/lib  >&5
configure:3505: $? = 0
configure:3515: result: yes
configure:3554: checking build system type
configure:3568: result: x86_64-apple-darwin12.5.0
configure:3588: checking host system type
configure:3601: result: x86_64-apple-darwin12.5.0
configure:3621: checking target system type
configure:3634: result: x86_64-apple-darwin12.5.0
configure:3737: checking for PHP prefix
configure:3739: result: /usr/local
configure:3741: checking for PHP includes
configure:3743: result: -I/usr/local/include/php -I/usr/local/include/php/main -I/usr/local/include/php/TSRM -I/usr/local/include/php/Zend -I/usr/local/include/php/ext -I/usr/local/include/php/ext/date/lib
configure:3745: checking for PHP extension directory
configure:3747: result: /usr/local/lib/php/extensions/no-debug-non-zts-20121212
configure:3749: checking for PHP installed headers prefix
configure:3751: result: /usr/local/include/php
configure:3754: checking if debug is enabled
configure:3780: result: no
configure:3783: checking if zts is enabled
configure:3809: result: no
configure:3880: checking for re2c
configure:3910: result: no
configure:3935: WARNING: You will need re2c 0.13.4 or later if you want to regenerate PHP parsers.
configure:3949: checking for gawk
configure:3980: result: no
configure:3949: checking for nawk
configure:3980: result: no
configure:3949: checking for awk
configure:3966: found /usr/bin/awk
configure:3977: result: awk
configure:4000: checking if awk is broken
configure:4007: result: no
configure:4025: checking whether to enable nbphp support
configure:4064: result: yes, shared
configure:4464: checking for ld used by cc
configure:4531: result: /usr/bin/ld
configure:4538: checking if the linker (/usr/bin/ld) is GNU ld
configure:4553: result: no
configure:4558: checking for /usr/bin/ld option to reload object files
configure:4565: result: -r
configure:4583: checking for BSD-compatible nm
configure:4632: result: /usr/bin/nm
configure:4636: checking whether ln -s works
configure:4640: result: yes
configure:4647: checking how to recognize dependent libraries
configure:4833: result: pass_all
configure:5045: checking for ANSI C header files
configure:5065: cc -c -g -O2  conftest.c >&5
configure:5065: $? = 0
configure:5138: cc -o conftest -g -O2   conftest.c  >&5
configure:5138: $? = 0
configure:5138: ./conftest
configure:5138: $? = 0
configure:5149: result: yes
configure:5162: checking for sys/types.h
configure:5162: cc -c -g -O2  conftest.c >&5
configure:5162: $? = 0
configure:5162: result: yes
configure:5162: checking for sys/stat.h
configure:5162: cc -c -g -O2  conftest.c >&5
configure:5162: $? = 0
configure:5162: result: yes
configure:5162: checking for stdlib.h
configure:5162: cc -c -g -O2  conftest.c >&5
configure:5162: $? = 0
configure:5162: result: yes
configure:5162: checking for string.h
configure:5162: cc -c -g -O2  conftest.c >&5
configure:5162: $? = 0
configure:5162: result: yes
configure:5162: checking for memory.h
configure:5162: cc -c -g -O2  conftest.c >&5
configure:5162: $? = 0
configure:5162: result: yes
configure:5162: checking for strings.h
configure:5162: cc -c -g -O2  conftest.c >&5
configure:5162: $? = 0
configure:5162: result: yes
configure:5162: checking for inttypes.h
configure:5162: cc -c -g -O2  conftest.c >&5
configure:5162: $? = 0
configure:5162: result: yes
configure:5162: checking for stdint.h
configure:5162: cc -c -g -O2  conftest.c >&5
configure:5162: $? = 0
configure:5162: result: yes
configure:5162: checking for unistd.h
configure:5162: cc -c -g -O2  conftest.c >&5
configure:5162: $? = 0
configure:5162: result: yes
configure:5177: checking dlfcn.h usability
configure:5177: cc -c -g -O2  conftest.c >&5
configure:5177: $? = 0
configure:5177: result: yes
configure:5177: checking dlfcn.h presence
configure:5177: cc -E  conftest.c
configure:5177: $? = 0
configure:5177: result: yes
configure:5177: checking for dlfcn.h
configure:5177: result: yes
configure:5199: checking the maximum length of command line arguments
configure:5311: result: 196608
configure:5323: checking command to parse /usr/bin/nm output from cc object
configure:5428: cc -c -g -O2  conftest.c >&5
configure:5431: $? = 0
configure:5435: /usr/bin/nm conftest.o \| sed -n -e 's/^.*[ 	]\([BCDEGRST][BCDEGRST]*\)[ 	][ 	]*\([_A-Za-z][_A-Za-z0-9]*\)$/\1 \2 \2/p' \> conftest.nm
configure:5438: $? = 0
cannot find nm_test_var in conftest.nm
configure:5428: cc -c -g -O2  conftest.c >&5
configure:5431: $? = 0
configure:5435: /usr/bin/nm conftest.o \| sed -n -e 's/^.*[ 	]\([BCDEGRST][BCDEGRST]*\)[ 	][ 	]*_\([_A-Za-z][_A-Za-z0-9]*\)$/\1 _\2 \2/p' \> conftest.nm
configure:5438: $? = 0
configure:5490: cc -o conftest -g -O2   conftest.c conftstm.o >&5
configure:5493: $? = 0
configure:5531: result: ok
configure:5535: checking for objdir
configure:5550: result: .libs
configure:5642: checking for ar
configure:5658: found /usr/bin/ar
configure:5669: result: ar
configure:5734: checking for ranlib
configure:5750: found /usr/bin/ranlib
configure:5761: result: ranlib
configure:5826: checking for strip
configure:5842: found /usr/bin/strip
configure:5853: result: strip
configure:6106: checking for dsymutil
configure:6122: found /usr/bin/dsymutil
configure:6133: result: dsymutil
configure:6198: checking for nmedit
configure:6214: found /usr/bin/nmedit
configure:6225: result: nmedit
configure:6248: checking for -single_module linker flag
configure:6269: result: yes
configure:6271: checking for -exported_symbols_list linker flag
configure:6287: cc -o conftest -g -O2   -Wl,-exported_symbols_list,conftest.sym conftest.c  >&5
configure:6290: $? = 0
configure:6304: result: yes
configure:6422: checking if cc supports -fno-rtti -fno-exceptions
configure:6440: cc -c -g -O2  -fno-rtti -fno-exceptions conftest.c >&5
configure:6444: $? = 0
configure:6457: result: yes
configure:6472: checking for cc option to produce PIC
configure:6712: result: -fno-common
configure:6720: checking if cc PIC flag -fno-common works
configure:6738: cc -c -g -O2  -fno-common -DPIC conftest.c >&5
configure:6742: $? = 0
configure:6755: result: yes
configure:6783: checking if cc static flag -static works
configure:6811: result: no
configure:6821: checking if cc supports -c -o file.o
configure:6842: cc -c -g -O2  -o out/conftest2.o conftest.c >&5
configure:6846: $? = 0
configure:6868: result: yes
configure:6894: checking whether the cc linker (/usr/bin/ld) supports shared libraries
configure:7826: result: yes
configure:7893: checking dynamic linker characteristics
configure:8495: result: darwin12.5.0 dyld
configure:8519: checking how to hardcode library paths into programs
configure:8544: result: immediate
configure:8558: checking whether stripping libraries is possible
configure:8572: result: yes
configure:9080: checking if libtool supports shared libraries
configure:9082: result: yes
configure:9085: checking whether to build shared libraries
configure:9106: result: yes
configure:9109: checking whether to build static libraries
configure:9113: result: no
configure:9208: result:
creating libtool
configure:12899: creating ./config.status

## ---------------------- ##
## Running config.status. ##
## ---------------------- ##

This file was extended by config.status, which was
generated by GNU Autoconf 2.65.  Invocation command line was

  CONFIG_FILES    = 
  CONFIG_HEADERS  = 
  CONFIG_LINKS    = 
  CONFIG_COMMANDS = 
  $ ./config.status 

on www.nb.com

config.status:680: creating config.h
config.status:770: config.h is unchanged

## ---------------- ##
## Cache variables. ##
## ---------------- ##

ac_cv_build=x86_64-apple-darwin12.5.0
ac_cv_c_compiler_gnu=yes
ac_cv_env_CC_set=
ac_cv_env_CC_value=
ac_cv_env_CFLAGS_set=
ac_cv_env_CFLAGS_value=
ac_cv_env_CPPFLAGS_set=
ac_cv_env_CPPFLAGS_value=
ac_cv_env_CPP_set=
ac_cv_env_CPP_value=
ac_cv_env_LDFLAGS_set=
ac_cv_env_LDFLAGS_value=
ac_cv_env_LIBS_set=
ac_cv_env_LIBS_value=
ac_cv_env_build_alias_set=
ac_cv_env_build_alias_value=
ac_cv_env_host_alias_set=
ac_cv_env_host_alias_value=
ac_cv_env_target_alias_set=
ac_cv_env_target_alias_value=
ac_cv_header_dlfcn_h=yes
ac_cv_header_inttypes_h=yes
ac_cv_header_memory_h=yes
ac_cv_header_stdc=yes
ac_cv_header_stdint_h=yes
ac_cv_header_stdlib_h=yes
ac_cv_header_string_h=yes
ac_cv_header_strings_h=yes
ac_cv_header_sys_stat_h=yes
ac_cv_header_sys_types_h=yes
ac_cv_header_unistd_h=yes
ac_cv_host=x86_64-apple-darwin12.5.0
ac_cv_objext=o
ac_cv_path_EGREP='/usr/bin/grep -E'
ac_cv_path_GREP=/usr/bin/grep
ac_cv_prog_AWK=awk
ac_cv_prog_CPP='cc -E'
ac_cv_prog_ac_ct_AR=ar
ac_cv_prog_ac_ct_CC=cc
ac_cv_prog_ac_ct_DSYMUTIL=dsymutil
ac_cv_prog_ac_ct_NMEDIT=nmedit
ac_cv_prog_ac_ct_RANLIB=ranlib
ac_cv_prog_ac_ct_STRIP=strip
ac_cv_prog_cc_c89=
ac_cv_prog_cc_cc_c_o=yes
ac_cv_prog_cc_g=yes
ac_cv_target=x86_64-apple-darwin12.5.0
lt_cv_apple_cc_single_mod=yes
lt_cv_deplibs_check_method=pass_all
lt_cv_file_magic_cmd='$MAGIC_CMD'
lt_cv_file_magic_test_file=
lt_cv_ld_exported_symbols_list=yes
lt_cv_ld_reload_flag=-r
lt_cv_objdir=.libs
lt_cv_path_LD=/usr/bin/ld
lt_cv_path_NM=/usr/bin/nm
lt_cv_path_SED=/usr/bin/sed
lt_cv_prog_compiler_c_o=yes
lt_cv_prog_compiler_pic_works=yes
lt_cv_prog_compiler_rtti_exceptions=yes
lt_cv_prog_compiler_static_works=no
lt_cv_prog_gnu_ld=no
lt_cv_sys_global_symbol_pipe='sed -n -e '\''s/^.*[ 	]\([BCDEGRST][BCDEGRST]*\)[ 	][ 	]*_\([_A-Za-z][_A-Za-z0-9]*\)$/\1 _\2 \2/p'\'''
lt_cv_sys_global_symbol_to_c_name_address='sed -n -e '\''s/^: \([^ ]*\) $/  {\"\1\", (lt_ptr) 0},/p'\'' -e '\''s/^[BCDEGRST] \([^ ]*\) \([^ ]*\)$/  {"\2", (lt_ptr) \&\2},/p'\'''
lt_cv_sys_global_symbol_to_cdecl='sed -n -e '\''s/^. .* \(.*\)$/extern int \1;/p'\'''
lt_cv_sys_lib_dlsearch_path_spec='/usr/local/lib /lib /usr/lib'
lt_cv_sys_lib_search_path_spec='/usr/lib/clang/5.1 /usr/local/lib'
lt_cv_sys_max_cmd_len=196608
lt_lt_cv_prog_compiler_c_o='"yes"'
lt_lt_cv_sys_global_symbol_pipe='"sed -n -e '\''s/^.*[ 	]\\([BCDEGRST][BCDEGRST]*\\)[ 	][ 	]*_\\([_A-Za-z][_A-Za-z0-9]*\\)\$/\\1 _\\2 \\2/p'\''"'
lt_lt_cv_sys_global_symbol_to_c_name_address='"sed -n -e '\''s/^: \\([^ ]*\\) \$/  {\\\"\\1\\\", (lt_ptr) 0},/p'\'' -e '\''s/^[BCDEGRST] \\([^ ]*\\) \\([^ ]*\\)\$/  {\"\\2\", (lt_ptr) \\&\\2},/p'\''"'
lt_lt_cv_sys_global_symbol_to_cdecl='"sed -n -e '\''s/^. .* \\(.*\\)\$/extern int \\1;/p'\''"'
php_cv_cc_dashr=no
php_cv_cc_rpath=yes

## ----------------- ##
## Output variables. ##
## ----------------- ##

AR='ar'
AWK='awk'
CC='cc'
CFLAGS='-g -O2'
CONFIGURE_COMMAND=' '\''./configure'\''  '\''--with-php-config=/usr/bin/php-config'\'''
CONFIGURE_OPTIONS=' '\''--with-php-config=/usr/bin/php-config'\'''
CPP='cc -E'
CPPFLAGS=' -DHAVE_CONFIG_H'
DEFS='-DHAVE_CONFIG_H'
DSYMUTIL='dsymutil'
ECHO='/bin/echo'
ECHO_C='\c'
ECHO_N=''
ECHO_T=''
EGREP='/usr/bin/grep -E'
EXEEXT=''
GREP='/usr/bin/grep'
LDFLAGS=''
LIBOBJS=''
LIBS=''
LIBTOOL='$(SHELL) $(top_builddir)/libtool'
LN_S='ln -s'
LTLIBOBJS=''
NMEDIT='nmedit'
OBJEXT='o'
PACKAGE_BUGREPORT=''
PACKAGE_NAME=''
PACKAGE_STRING=''
PACKAGE_TARNAME=''
PACKAGE_URL=''
PACKAGE_VERSION=''
PATH_SEPARATOR=':'
RANLIB='ranlib'
RE2C='exit 0;'
SED='/usr/bin/sed'
SHELL='/bin/sh'
SHLIB_DL_SUFFIX_NAME='so'
SHLIB_SUFFIX_NAME='dylib'
STRIP='strip'
ac_ct_CC='cc'
bindir='${exec_prefix}/bin'
build='x86_64-apple-darwin12.5.0'
build_alias=''
build_cpu='x86_64'
build_os='darwin12.5.0'
build_vendor='apple'
datadir='${datarootdir}'
datarootdir='${prefix}/share'
docdir='${datarootdir}/doc/${PACKAGE}'
dvidir='${docdir}'
exec_prefix='$(prefix)'
host='x86_64-apple-darwin12.5.0'
host_alias='x86_64-apple-darwin12.5.0'
host_cpu='x86_64'
host_os='darwin12.5.0'
host_vendor='apple'
htmldir='${docdir}'
includedir='${prefix}/include'
infodir='${datarootdir}/info'
libdir='${exec_prefix}/lib'
libexecdir='${exec_prefix}/libexec'
localedir='${datarootdir}/locale'
localstatedir='${prefix}/var'
mandir='${datarootdir}/man'
oldincludedir='/usr/include'
pdfdir='${docdir}'
prefix='/usr/local'
program_transform_name='s,x,x,'
psdir='${docdir}'
sbindir='${exec_prefix}/sbin'
sharedstatedir='${prefix}/com'
sysconfdir='${prefix}/etc'
target='x86_64-apple-darwin12.5.0'
target_alias=''
target_cpu='x86_64'
target_os='darwin12.5.0'
target_vendor='apple'

## ----------- ##
## confdefs.h. ##
## ----------- ##

/* confdefs.h */
#define PACKAGE_NAME ""
#define PACKAGE_TARNAME ""
#define PACKAGE_VERSION ""
#define PACKAGE_STRING ""
#define PACKAGE_BUGREPORT ""
#define PACKAGE_URL ""
#define COMPILE_DL_NBPHP 1
#define STDC_HEADERS 1
#define HAVE_SYS_TYPES_H 1
#define HAVE_SYS_STAT_H 1
#define HAVE_STDLIB_H 1
#define HAVE_STRING_H 1
#define HAVE_MEMORY_H 1
#define HAVE_STRINGS_H 1
#define HAVE_INTTYPES_H 1
#define HAVE_STDINT_H 1
#define HAVE_UNISTD_H 1
#define HAVE_DLFCN_H 1

configure: exit 0
